Starting Nmap 7.91 ( https://nmap.org ) at 2020-12-14 07:35 EST
Stats: 0:00:07 elapsed; 0 hosts completed (1 up), 1 undergoing Service Scan
Service scan Timing: About 50.00% done; ETC: 07:35 (0:00:06 remaining)
Stats: 0:00:40 elapsed; 0 hosts completed (1 up), 1 undergoing Script Scan
NSE Timing: About 99.82% done; ETC: 07:36 (0:00:00 remaining)
Stats: 0:00:40 elapsed; 0 hosts completed (1 up), 1 undergoing Script Scan
NSE Timing: About 99.82% done; ETC: 07:36 (0:00:00 remaining)
Nmap scan report for 10.129.62.102
Host is up (0.042s latency).

PORT    STATE SERVICE     VERSION
21/tcp  open  ftp         vsftpd 2.3.4
|_ftp-anon: Anonymous FTP login allowed (FTP code 230)
| ftp-syst: 
|   STAT: 
| FTP server status:
|      Connected to 10.10.14.61
|      Logged in as ftp
|      TYPE: ASCII
|      No session bandwidth limit
|      Session timeout in seconds is 300
|      Control connection is plain text
|      Data connections will be plain text
|      vsFTPd 2.3.4 - secure, fast, stable
|_End of status
22/tcp  open  ssh         OpenSSH 4.7p1 Debian 8ubuntu1 (protocol 2.0)
| ssh-hostkey: 
|   1024 60:0f:cf:e1:c0:5f:6a:74:d6:90:24:fa:c4:d5:6c:cd (DSA)
|_  2048 56:56:24:0f:21:1d:de:a7:2b:ae:61:b1:24:3d:e8:f3 (RSA)
139/tcp open  netbios-ssn Samba smbd 3.X - 4.X (workgroup: WORKGROUP)
445/tcp open  netbios-ssn Samba smbd 3.0.20-Debian (workgroup: WORKGROUP)
Warning: OSScan results may be unreliable because we could not find at least 1 open and 1 closed port
Aggressive OS guesses: DD-WRT v24-sp1 (Linux 2.4.36) (92%), OpenWrt White Russian 0.9 (Linux 2.4.30) (92%), Linux 2.6.23 (92%), Arris TG862G/CT cable modem (92%), D-Link DAP-1522 WAP, or Xerox WorkCentre Pro 245 or 6556 printer (92%), Dell Integrated Remote Access Controller (iDRAC6) (92%), Linksys WET54GS5 WAP, Tranzeo TR-CPQ-19f WAP, or Xerox WorkCentre Pro 265 printer (92%), Linux 2.4.21 - 2.4.31 (likely embedded) (92%), Linux 2.4.27 (92%), Citrix XenServer 5.5 (Linux 2.6.18) (92%)
No exact OS matches for host (test conditions non-ideal).
Network Distance: 2 hops
Service Info: OSs: Unix, Linux; CPE: cpe:/o:linux:linux_kernel

Host script results:
|_clock-skew: mean: 8h34m17s, deviation: 3h32m08s, median: 6h04m16s
| smb-os-discovery: 
|   OS: Unix (Samba 3.0.20-Debian)
|   Computer name: lame
|   NetBIOS computer name: 
|   Domain name: hackthebox.gr
|   FQDN: lame.hackthebox.gr
|_  System time: 2020-12-14T13:39:59-05:00
| smb-security-mode: 
|   account_used: <blank>
|   authentication_level: user
|   challenge_response: supported
|_  message_signing: disabled (dangerous, but default)
|_smb2-time: Protocol negotiation failed (SMB2)

TRACEROUTE (using port 21/tcp)
HOP RTT      ADDRESS
1   40.91 ms 10.10.14.1
2   40.93 ms 10.129.62.102

OS and Service detection performed. Please report any incorrect results at https://nmap.org/submit/ .
Nmap done: 1 IP address (1 host up) scanned in 56.79 seconds
