Starting Nmap 7.91 ( https://nmap.org ) at 2020-12-14 09:02 EST
Stats: 0:00:42 elapsed; 0 hosts completed (1 up), 1 undergoing Script Scan
NSE Timing: About 99.28% done; ETC: 09:03 (0:00:00 remaining)
Stats: 0:00:42 elapsed; 0 hosts completed (1 up), 1 undergoing Script Scan
NSE Timing: About 99.28% done; ETC: 09:03 (0:00:00 remaining)
Stats: 0:00:42 elapsed; 0 hosts completed (1 up), 1 undergoing Script Scan
NSE Timing: About 99.28% done; ETC: 09:03 (0:00:00 remaining)
Stats: 0:00:45 elapsed; 0 hosts completed (1 up), 1 undergoing Script Scan
NSE Timing: About 99.28% done; ETC: 09:03 (0:00:00 remaining)
Stats: 0:00:45 elapsed; 0 hosts completed (1 up), 1 undergoing Script Scan
NSE Timing: About 99.28% done; ETC: 09:03 (0:00:00 remaining)
Stats: 0:00:56 elapsed; 0 hosts completed (1 up), 1 undergoing Script Scan
NSE Timing: About 99.64% done; ETC: 09:03 (0:00:00 remaining)
Stats: 0:00:56 elapsed; 0 hosts completed (1 up), 1 undergoing Script Scan
NSE Timing: About 99.64% done; ETC: 09:03 (0:00:00 remaining)
Stats: 0:00:56 elapsed; 0 hosts completed (1 up), 1 undergoing Script Scan
NSE Timing: About 99.64% done; ETC: 09:03 (0:00:00 remaining)
Stats: 0:00:56 elapsed; 0 hosts completed (1 up), 1 undergoing Script Scan
NSE Timing: About 99.64% done; ETC: 09:03 (0:00:00 remaining)
Stats: 0:00:57 elapsed; 0 hosts completed (1 up), 1 undergoing Script Scan
NSE Timing: About 99.64% done; ETC: 09:03 (0:00:00 remaining)
Stats: 0:00:57 elapsed; 0 hosts completed (1 up), 1 undergoing Script Scan
NSE Timing: About 99.64% done; ETC: 09:03 (0:00:00 remaining)
Nmap scan report for 10.129.62.119
Host is up (0.042s latency).

PORT     STATE  SERVICE       VERSION
139/tcp  open   netbios-ssn   Microsoft Windows netbios-ssn
445/tcp  open   microsoft-ds  Windows XP microsoft-ds
3389/tcp closed ms-wbt-server
Device type: general purpose|specialized
Running (JUST GUESSING): Microsoft Windows XP|2003|2000|2008 (94%), General Dynamics embedded (89%)
OS CPE: cpe:/o:microsoft:windows_xp::sp3 cpe:/o:microsoft:windows_server_2003::sp1 cpe:/o:microsoft:windows_server_2003::sp2 cpe:/o:microsoft:windows_2000::sp4 cpe:/o:microsoft:windows_server_2008::sp2
Aggressive OS guesses: Microsoft Windows XP SP3 (94%), Microsoft Windows Server 2003 SP1 or SP2 (92%), Microsoft Windows XP (92%), Microsoft Windows 2003 SP2 (91%), Microsoft Windows 2000 SP4 (91%), Microsoft Windows Server 2003 SP2 (91%), Microsoft Windows XP SP2 or SP3 (91%), Microsoft Windows Server 2003 (90%), Microsoft Windows XP SP2 or Windows Server 2003 (90%), Microsoft Windows XP Professional SP3 (90%)
No exact OS matches for host (test conditions non-ideal).
Network Distance: 2 hops
Service Info: OSs: Windows, Windows XP; CPE: cpe:/o:microsoft:windows, cpe:/o:microsoft:windows_xp

Host script results:
|_clock-skew: mean: 5d07h01m18s, deviation: 1h24m51s, median: 5d06h01m18s
|_nbstat: NetBIOS name: nil, NetBIOS user: <unknown>, NetBIOS MAC: 00:50:56:b9:ac:62 (VMware)
| smb-os-discovery: 
|   OS: Windows XP (Windows 2000 LAN Manager)
|   OS CPE: cpe:/o:microsoft:windows_xp::-
|   Computer name: legacy
|   NetBIOS computer name: LEGACY\x00
|   Workgroup: HTB\x00
|_  System time: 2020-12-20T00:03:57+02:00
| smb-security-mode: 
|   account_used: guest
|   authentication_level: user
|   challenge_response: supported
|_  message_signing: disabled (dangerous, but default)
|_smb2-time: Protocol negotiation failed (SMB2)

TRACEROUTE (using port 3389/tcp)
HOP RTT      ADDRESS
1   41.85 ms 10.10.14.1
2   41.87 ms 10.129.62.119

OS and Service detection performed. Please report any incorrect results at https://nmap.org/submit/ .
Nmap done: 1 IP address (1 host up) scanned in 61.66 seconds
